<?xml version="1.0" encoding="UTF-8"?>
<!-- Generated by org.testng.reporters.JUnitReportReporter -->
<testsuite skipped="0" hostname="DESKTOP-K8JQV01" name="com.test.ng.B" tests="1" failures="0" timestamp="2022-03-04T10:51:51 IST" time="0.009" errors="0">
  <testcase name="TC04" time="0.009" classname="com.test.ng.B"/>
  <system-out>
    <![CDATA[TC01 executed]]>
  </system-out>
</testsuite> <!-- com.test.ng.B -->
