<?xml version="1.0" encoding="UTF-8"?>
<!-- Generated by org.testng.reporters.JUnitReportReporter -->
<testsuite skipped="0" hostname="DESKTOP-K8JQV01" name="pom5.Chrome_Firefox" tests="1" failures="0" timestamp="2022-03-05T17:22:18 IST" time="12.189" errors="0">
  <testcase name="TC01" time="12.189" classname="pom5.Chrome_Firefox"/>
  <system-out/>
</testsuite> <!-- pom5.Chrome_Firefox -->
