<?xml version="1.0" encoding="UTF-8"?>
<!-- Generated by org.testng.reporters.JUnitReportReporter -->
<testsuite skipped="0" hostname="DESKTOP-K8JQV01" name="com.test.ng.C" tests="1" failures="0" timestamp="2022-03-04T10:53:43 IST" time="0.020" errors="0">
  <testcase name="TC08" time="0.020" classname="com.test.ng.C"/>
  <system-out>
    <![CDATA[TC01 executed]]>
  </system-out>
</testsuite> <!-- com.test.ng.C -->
