<?xml version="1.0" encoding="UTF-8"?>
<!-- Generated by org.testng.reporters.JUnitReportReporter -->
<testsuite skipped="0" hostname="DESKTOP-K8JQV01" name="com.testng1.B" tests="1" failures="0" timestamp="2022-03-08T12:17:09 IST" time="0.005" errors="0">
  <testcase name="TC05" time="0.005" classname="com.testng1.B"/>
  <system-out>
    <![CDATA[TC05 executed]]>
  </system-out>
</testsuite> <!-- com.testng1.B -->
