<?xml version="1.0" encoding="UTF-8"?>
<!-- Generated by org.testng.reporters.JUnitReportReporter -->
<testsuite skipped="0" hostname="DESKTOP-K8JQV01" name="com.testng1.A" tests="1" failures="0" timestamp="2022-03-08T12:17:25 IST" time="0.020" errors="0">
  <testcase name="TC03" time="0.020" classname="com.testng1.A"/>
  <system-out>
    <![CDATA[TC03 executed]]>
  </system-out>
</testsuite> <!-- com.testng1.A -->
