<?xml version="1.0" encoding="UTF-8"?>
<!-- Generated by org.testng.reporters.JUnitReportReporter -->
<testsuite skipped="0" hostname="DESKTOP-K8JQV01" name="auto.Test11" tests="1" failures="0" timestamp="2022-02-26T11:11:23 IST" time="0.016" errors="0">
  <testcase name="m" time="0.016" classname="auto.Test11"/>
  <system-out/>
</testsuite> <!-- auto.Test11 -->
