<?xml version="1.0" encoding="UTF-8"?>
<!-- Generated by org.testng.reporters.JUnitReportReporter -->
<testsuite skipped="0" hostname="DESKTOP-K8JQV01" name="com.test.ng.A" tests="4" failures="0" timestamp="2022-03-04T10:53:43 IST" time="0.013" errors="0">
  <testcase name="TC03" time="0.002" classname="com.test.ng.A"/>
  <system-out>
    <![CDATA[TC03 executed]]>
  </system-out>
  <testcase name="TC02" time="0.002" classname="com.test.ng.A"/>
  <system-out>
    <![CDATA[TC02 executed]]>
  </system-out>
  <testcase name="TC01" time="0.006" classname="com.test.ng.A"/>
  <system-out>
    <![CDATA[TC01 executed]]>
  </system-out>
  <testcase name="TC02" time="0.003" classname="com.test.ng.A"/>
  <system-out>
    <![CDATA[TC02 executed]]>
  </system-out>
</testsuite> <!-- com.test.ng.A -->
