<?xml version="1.0" encoding="UTF-8"?>
<!-- Generated by org.testng.reporters.JUnitReportReporter -->
<testsuite skipped="0" hostname="DESKTOP-K8JQV01" name="pom5.Browser_parallel" tests="2" failures="0" timestamp="2022-03-05T17:45:50 IST" time="16.539" errors="0">
  <testcase name="TC01" time="11.193" classname="pom5.Browser_parallel"/>
  <system-out/>
  <testcase name="TC01" time="5.346" classname="pom5.Browser_parallel"/>
  <system-out/>
</testsuite> <!-- pom5.Browser_parallel -->
