<?xml version="1.0" encoding="UTF-8"?>
<!-- Generated by org.testng.reporters.JUnitReportReporter -->
<testsuite skipped="1" hostname="DESKTOP-K8JQV01" name="com.testNg.Demo" tests="5" failures="0" timestamp="2022-02-28T12:07:15 IST" time="0.030" errors="0">
  <testcase name="TC08" time="0.015" classname="com.testNg.Demo"/>
  <system-out/>
  <testcase name="TC08" time="0.000" classname="com.testNg.Demo"/>
  <system-out/>
  <testcase name="TC04" time="0.015" classname="com.testNg.Demo"/>
  <system-out/>
  <testcase name="TC01" time="0.000" classname="com.testNg.Demo"/>
  <system-out/>
  <testcase name="TC07" classname="com.testNg.Demo">
    <skipped/>
  </testcase> <!-- TC07 -->
  <system-out/>
</testsuite> <!-- com.testNg.Demo -->
