<?xml version="1.0" encoding="UTF-8"?>
<!-- Generated by org.testng.reporters.JUnitReportReporter -->
<testsuite skipped="0" hostname="DESKTOP-K8JQV01" name="com.testng1.C" tests="1" failures="0" timestamp="2022-03-08T12:17:25 IST" time="0.003" errors="0">
  <testcase name="TC07" time="0.003" classname="com.testng1.C"/>
  <system-out>
    <![CDATA[TC07 executed]]>
  </system-out>
</testsuite> <!-- com.testng1.C -->
