<?xml version="1.0" encoding="UTF-8"?>
<!-- Generated by org.testng.reporters.JUnitReportReporter -->
<testsuite skipped="0" hostname="DESKTOP-K8JQV01" name="browser.Parallel_Browser" tests="7" failures="0" timestamp="2022-03-13T18:01:12 IST" time="115.575" errors="0">
  <testcase name="TC04" time="18.490" classname="browser.Parallel_Browser"/>
  <system-out>
    <![CDATA[TC01 executed]]>
  </system-out>
  <testcase name="TC06" time="21.149" classname="browser.Parallel_Browser"/>
  <system-out>
    <![CDATA[TC01 executed]]>
  </system-out>
  <testcase name="TC08" time="11.198" classname="browser.Parallel_Browser"/>
  <system-out>
    <![CDATA[TC01 executed]]>
  </system-out>
  <testcase name="TC07" time="8.966" classname="browser.Parallel_Browser"/>
  <system-out>
    <![CDATA[TC01 executed]]>
  </system-out>
  <testcase name="TC02" time="18.393" classname="browser.Parallel_Browser"/>
  <system-out>
    <![CDATA[TC01 executed]]>
  </system-out>
  <testcase name="TC03" time="18.247" classname="browser.Parallel_Browser"/>
  <system-out>
    <![CDATA[TC01 executed]]>
  </system-out>
  <testcase name="TC05" time="19.132" classname="browser.Parallel_Browser"/>
  <system-out>
    <![CDATA[TC01 executed]]>
  </system-out>
</testsuite> <!-- browser.Parallel_Browser -->
