<?xml version="1.0" encoding="UTF-8"?>
<!-- Generated by org.testng.reporters.JUnitReportReporter -->
<testsuite skipped="0" hostname="DESKTOP-K8JQV01" name="com.testNg.Demo4" tests="2" failures="0" timestamp="2022-02-28T20:19:17 IST" time="0.026" errors="0">
  <testcase name="TC02" time="0.010" classname="com.testNg.Demo4"/>
  <system-out/>
  <testcase name="TC01" time="0.016" classname="com.testNg.Demo4"/>
  <system-out>
    <![CDATA[TC01 is executed]]>
  </system-out>
</testsuite> <!-- com.testNg.Demo4 -->
