<?xml version="1.0" encoding="UTF-8"?>
<!-- Generated by org.testng.reporters.JUnitReportReporter -->
<testsuite skipped="0" hostname="DESKTOP-K8JQV01" name="auto.ASD" tests="1" failures="0" timestamp="2022-02-27T11:51:03 IST" time="0.019" errors="0">
  <testcase name="M" time="0.019" classname="auto.ASD"/>
  <system-out/>
</testsuite> <!-- auto.ASD -->
